  [4;36;1mSQL (0.4ms)[0m   [0;1m SELECT name
 FROM sqlite_master
 WHERE type = 'table' AND NOT name = 'sqlite_sequence'
[0m
  [4;35;1mSQL (17.0ms)[0m   [0mselect sqlite_version(*)[0m
  [4;36;1mSQL (2.8ms)[0m   [0;1mCREATE TABLE "schema_migrations" ("version" varchar(255) NOT NULL) [0m
  [4;35;1mSQL (1.9ms)[0m   [0mCREATE UNIQUE INDEX "unique_schema_migrations" ON "schema_migrations" ("version")[0m
  [4;36;1mSQL (0.4ms)[0m   [0;1m SELECT name
 FROM sqlite_master
 WHERE type = 'table' AND NOT name = 'sqlite_sequence'
[0m
  [4;35;1mSQL (0.2ms)[0m   [0mSELECT version FROM schema_migrations[0m
Migrating to CreateProducts (20091215165850)
  [4;36;1mSQL (0.9ms)[0m   [0;1mCREATE TABLE "products" ("id" INTEGER PRIMARY KEY AUTOINCREMENT NOT NULL, "name" varchar(255), "description" text, "price" integer, "created_at" datetime, "updated_at" datetime) [0m
  [4;35;1mSQL (0.3ms)[0m   [0mINSERT INTO schema_migrations (version) VALUES ('20091215165850')[0m
  [4;36;1mSQL (0.6ms)[0m   [0;1m SELECT name
 FROM sqlite_master
 WHERE type = 'table' AND NOT name = 'sqlite_sequence'
[0m
  [4;35;1mSQL (0.3ms)[0m   [0mSELECT version FROM schema_migrations[0m
  [4;36;1mSQL (0.5ms)[0m   [0;1m SELECT name
 FROM sqlite_master
 WHERE type = 'table' AND NOT name = 'sqlite_sequence'
[0m
  [4;35;1mSQL (0.1ms)[0m   [0mPRAGMA index_list("products")[0m


Processing ProductsController#index (for 127.0.0.1 at 2009-12-15 17:02:01) [GET]
  [4;36;1mProduct Load (0.6ms)[0m   [0;1mSELECT * FROM "products" LIMIT 20 OFFSET 0[0m
Rendering products/index

ActionView::TemplateError (undefined local variable or method `new_product_path' for #<ActionView::Base:0x22b3a84>) on line #5 of app/views/products/index.html.haml:
2:   = "Products"
3:   
4: %p.actions
5:   = link_to 'New Product', new_product_path
6:   
7: %table
8:   %thead.header

    app/views/products/index.html.haml:5:in `_run_haml_app47views47products47index46html46haml'
    haml (2.2.15) lib/haml/helpers/action_view_mods.rb:13:in `render'
    /usr/local/lib/ruby/gems/1.8/gems/josevalim-inherited_resources-0.9.1/lib/inherited_resources/legacy/respond_to.rb:107:in `retrieve_response_from_mimes'
    /usr/local/lib/ruby/gems/1.8/gems/josevalim-inherited_resources-0.9.1/lib/inherited_resources/legacy/responder.rb:163:in `call'
    /usr/local/lib/ruby/gems/1.8/gems/josevalim-inherited_resources-0.9.1/lib/inherited_resources/legacy/responder.rb:163:in `default_render'
    /usr/local/lib/ruby/gems/1.8/gems/josevalim-inherited_resources-0.9.1/lib/inherited_resources/legacy/responder.rb:113:in `to_html'
    /usr/local/lib/ruby/gems/1.8/gems/josevalim-inherited_resources-0.9.1/lib/inherited_resources/legacy/responder.rb:106:in `send'
    /usr/local/lib/ruby/gems/1.8/gems/josevalim-inherited_resources-0.9.1/lib/inherited_resources/legacy/responder.rb:106:in `call'
    /usr/local/lib/ruby/gems/1.8/gems/josevalim-inherited_resources-0.9.1/lib/inherited_resources/legacy/respond_to.rb:65:in `respond_with'
    /usr/local/lib/ruby/gems/1.8/gems/josevalim-inherited_resources-0.9.1/lib/inherited_resources/actions.rb:7:in `index'
    haml (2.2.15) rails/./lib/sass/plugin/rails.rb:19:in `process'

Rendered rescues/_trace (112.9ms)
Rendered rescues/_request_and_response (2.9ms)
Rendering rescues/layout (internal_server_error)


Processing ProductsController#index (for 127.0.0.1 at 2009-12-15 17:06:30) [GET]
  [4;36;1mProduct Load (0.7ms)[0m   [0;1mSELECT * FROM "products" LIMIT 20 OFFSET 0[0m
Rendering products/index
Completed in 101ms (View: 89, DB: 1) | 200 OK [http://localhost/products/]


Processing ProductsController#new (for 127.0.0.1 at 2009-12-15 17:06:33) [GET]
Rendering products/new
Rendered products/_form (76.4ms)
Completed in 152ms (View: 139, DB: 0) | 200 OK [http://localhost/products/new]


Processing ProductsController#create (for 127.0.0.1 at 2009-12-15 17:11:46) [POST]
  Parameters: {"commit"=>"Create", "authenticity_token"=>"qTaiw54kdReU3IgA/0tAV9C/j7SStP9TnqdNaUrrVUI=", "product"=>{"price"=>"1200", "name"=>"MacBook Pro 13''", "description"=>"Apple MacBook Pro 13 w/ 13 inch display"}}
  [4;35;1mProduct Create (0.6ms)[0m   [0mINSERT INTO "products" ("name", "price", "created_at", "updated_at", "description") VALUES('MacBook Pro 13''''', 1200120012001200120012001200120012001200120012001200120012001200120012001200120012001200120012001200120012001200120012001200120012001200120012001200120012001200120012001200120012001200120012001200120012001200120012001200120012001200120012001200120012001200120012001200120012001200120012001200120012001200120012001200120012001200120012001200120012001200120012001200120012001200120012001200120012001200, '2009-12-15 17:11:46', '2009-12-15 17:11:46', 'Apple MacBook Pro 13 w/ 13 inch display')[0m
Redirected to http://localhost:3000/products/1
Completed in 31ms (DB: 0) | 302 Found [http://localhost/products]


Processing ProductsController#show (for 127.0.0.1 at 2009-12-15 17:11:46) [GET]
  Parameters: {"id"=>"1"}
  [4;36;1mProduct Load (0.7ms)[0m   [0;1mSELECT * FROM "products" WHERE ("products"."id" = 1) [0m
Rendering products/show
Completed in 40ms (View: 25, DB: 1) | 200 OK [http://localhost/products/1]


Processing ProductsController#index (for 127.0.0.1 at 2009-12-15 17:11:49) [GET]
  [4;35;1mProduct Load (0.9ms)[0m   [0mSELECT * FROM "products" LIMIT 20 OFFSET 0[0m
Rendering products/index
Rendered products/_item (15.6ms)
Completed in 37ms (View: 26, DB: 1) | 200 OK [http://localhost/products]


Processing ProductsController#edit (for 127.0.0.1 at 2009-12-15 17:12:06) [GET]
  Parameters: {"id"=>"1"}
  [4;36;1mProduct Load (0.7ms)[0m   [0;1mSELECT * FROM "products" WHERE ("products"."id" = 1) [0m
Rendering products/edit
Rendered products/_form (50.2ms)
Completed in 163ms (View: 149, DB: 1) | 200 OK [http://localhost/products/1/edit]


Processing ProductsController#update (for 127.0.0.1 at 2009-12-15 17:12:15) [PUT]
  Parameters: {"commit"=>"Update", "authenticity_token"=>"qTaiw54kdReU3IgA/0tAV9C/j7SStP9TnqdNaUrrVUI=", "id"=>"1", "product"=>{"price"=>"1200", "name"=>"MacBook Pro 13''", "description"=>"Apple MacBook Pro 13 w/ 13 inch display"}}
  [4;35;1mProduct Load (0.6ms)[0m   [0mSELECT * FROM "products" WHERE ("products"."id" = 1) [0m
  [4;36;1mProduct Update (0.5ms)[0m   [0;1mUPDATE "products" SET "updated_at" = '2009-12-15 17:12:15', "price" = 1200120012001200120012001200120012001200120012001200120012001200120012001200120012001200120012001200120012001200120012001200120012001200120012001200120012001200120012001200120012001200120012001200120012001200120012001200120012001200120012001200120012001200120012001200120012001200120012001200120012001200120012001200120012001200120012001200120012001200120012001200120012001200120012001200120012001200 WHERE "id" = 1[0m
Redirected to http://localhost:3000/products/1
Completed in 33ms (DB: 0) | 302 Found [http://localhost/products/1]


Processing ProductsController#show (for 127.0.0.1 at 2009-12-15 17:12:15) [GET]
  Parameters: {"id"=>"1"}
  [4;35;1mProduct Load (0.7ms)[0m   [0mSELECT * FROM "products" WHERE ("products"."id" = 1) [0m
Rendering products/show
Completed in 35ms (View: 20, DB: 1) | 200 OK [http://localhost/products/1]


Processing ProductsController#index (for 127.0.0.1 at 2009-12-15 17:13:00) [GET]
  [4;36;1mProduct Load (0.9ms)[0m   [0;1mSELECT * FROM "products" LIMIT 20 OFFSET 0[0m
Rendering products/index
Rendered products/_item (15.3ms)
Completed in 54ms (View: 43, DB: 1) | 200 OK [http://localhost/products]


Processing ProductsController#edit (for 127.0.0.1 at 2009-12-15 17:28:46) [GET]
  Parameters: {"id"=>"1"}
  [4;36;1mProduct Load (0.6ms)[0m   [0;1mSELECT * FROM "products" WHERE ("products"."id" = 1) [0m
Rendering products/edit
Rendered products/_form (67.7ms)
Completed in 187ms (View: 172, DB: 1) | 200 OK [http://localhost/products/1/edit]


Processing ProductsController#update (for 127.0.0.1 at 2009-12-15 17:28:51) [PUT]
  Parameters: {"commit"=>"Update", "authenticity_token"=>"qTaiw54kdReU3IgA/0tAV9C/j7SStP9TnqdNaUrrVUI=", "id"=>"1", "product"=>{"price"=>"1200", "name"=>"MacBook Pro 13''", "description"=>"Apple MacBook Pro 13 w/ 13 inch display"}}
  [4;35;1mProduct Load (0.7ms)[0m   [0mSELECT * FROM "products" WHERE ("products"."id" = 1) [0m
  [4;36;1mProduct Update (0.5ms)[0m   [0;1mUPDATE "products" SET "updated_at" = '2009-12-15 17:28:51', "price" = 120000 WHERE "id" = 1[0m
Redirected to http://localhost:3000/products/1
Completed in 34ms (DB: 0) | 302 Found [http://localhost/products/1]


Processing ProductsController#show (for 127.0.0.1 at 2009-12-15 17:28:52) [GET]
  Parameters: {"id"=>"1"}
  [4;35;1mProduct Load (0.7ms)[0m   [0mSELECT * FROM "products" WHERE ("products"."id" = 1) [0m
Rendering products/show
Completed in 36ms (View: 21, DB: 1) | 200 OK [http://localhost/products/1]


Processing ProductsController#index (for 127.0.0.1 at 2009-12-15 17:28:54) [GET]
  [4;36;1mProduct Load (0.9ms)[0m   [0;1mSELECT * FROM "products" LIMIT 20 OFFSET 0[0m
Rendering products/index
Rendered products/_item (15.7ms)
Completed in 54ms (View: 42, DB: 1) | 200 OK [http://localhost/products]


Processing ApplicationController#index (for 127.0.0.1 at 2009-12-16 12:13:20) [GET]

ActionController::RoutingError (No route matches "/produtcts" with {:method=>:get}):
  

Rendering rescues/layout (not_found)


Processing ProductsController#index (for 127.0.0.1 at 2009-12-16 12:13:26) [GET]
  [4;35;1mProduct Load (0.9ms)[0m   [0mSELECT * FROM "products" LIMIT 20 OFFSET 0[0m
Rendering products/index
Rendered products/_item (64.4ms)
Completed in 79ms (View: 67, DB: 1) | 200 OK [http://localhost/products]


Processing ProductsController#show (for 127.0.0.1 at 2009-12-16 12:14:23) [GET]
  Parameters: {"id"=>"1"}
  [4;36;1mProduct Load (1.7ms)[0m   [0;1mSELECT * FROM "products" WHERE ("products"."id" = 1) [0m
Rendering products/show
Completed in 22ms (View: 6, DB: 2) | 200 OK [http://localhost/products/1]


Processing ProductsController#index (for 127.0.0.1 at 2009-12-16 12:14:26) [GET]
  [4;35;1mProduct Load (0.9ms)[0m   [0mSELECT * FROM "products" LIMIT 20 OFFSET 0[0m
Rendering products/index
Rendered products/_item (86.7ms)
Completed in 101ms (View: 89, DB: 1) | 200 OK [http://localhost/products]
  [4;36;1mSQL (0.8ms)[0m   [0;1m SELECT name
 FROM sqlite_master
 WHERE type = 'table' AND NOT name = 'sqlite_sequence'
[0m
  [4;35;1mSQL (0.3ms)[0m   [0mSELECT version FROM schema_migrations[0m
Migrating to CreateProducts (20091215165850)
Migrating to CreateOrders (20091216121721)
  [4;36;1mSQL (0.3ms)[0m   [0;1mselect sqlite_version(*)[0m
  [4;35;1mSQL (1.3ms)[0m   [0mCREATE TABLE "orders" ("id" INTEGER PRIMARY KEY AUTOINCREMENT NOT NULL, "state" varchar(255), "created_at" datetime, "updated_at" datetime) [0m
  [4;36;1mSQL (0.2ms)[0m   [0;1mINSERT INTO schema_migrations (version) VALUES ('20091216121721')[0m
  [4;35;1mSQL (0.8ms)[0m   [0m SELECT name
 FROM sqlite_master
 WHERE type = 'table' AND NOT name = 'sqlite_sequence'
[0m
  [4;36;1mSQL (0.4ms)[0m   [0;1mSELECT version FROM schema_migrations[0m
  [4;35;1mSQL (2.1ms)[0m   [0m SELECT name
 FROM sqlite_master
 WHERE type = 'table' AND NOT name = 'sqlite_sequence'
[0m
  [4;36;1mSQL (0.2ms)[0m   [0;1mPRAGMA index_list("orders")[0m
  [4;35;1mSQL (0.2ms)[0m   [0mPRAGMA index_list("products")[0m


Processing ProductsController#new (for 127.0.0.1 at 2009-12-16 12:20:06) [GET]
Rendering products/new
Rendered products/_form (54.6ms)
Completed in 137ms (View: 123, DB: 0) | 200 OK [http://localhost/products/new]


Processing ProductsController#create (for 127.0.0.1 at 2009-12-16 12:20:13) [POST]
  Parameters: {"commit"=>"Create", "authenticity_token"=>"75/F72Gdtm6aGps0a1z3aTl9bCB1T4RjvU2ebQnx71A=", "product"=>{"price"=>"100", "name"=>"fafaq", "description"=>"fwafaw"}}
  [4;36;1mProduct Create (0.6ms)[0m   [0;1mINSERT INTO "products" ("name", "price", "created_at", "updated_at", "description") VALUES('fafaq', 10000, '2009-12-16 12:20:13', '2009-12-16 12:20:13', 'fwafaw')[0m
Redirected to http://localhost:3000/products/2
Completed in 31ms (DB: 0) | 302 Found [http://localhost/products]


Processing ProductsController#show (for 127.0.0.1 at 2009-12-16 12:20:13) [GET]
  Parameters: {"id"=>"2"}
  [4;35;1mProduct Load (0.6ms)[0m   [0mSELECT * FROM "products" WHERE ("products"."id" = 2) [0m
Rendering products/show
Completed in 36ms (View: 22, DB: 1) | 200 OK [http://localhost/products/2]


Processing ProductsController#index (for 127.0.0.1 at 2009-12-16 12:20:15) [GET]
  [4;36;1mProduct Load (1.1ms)[0m   [0;1mSELECT * FROM "products" LIMIT 20 OFFSET 0[0m
Rendering products/index
Rendered products/_item (18.9ms)
Rendered products/_item (9.3ms)
Completed in 70ms (View: 58, DB: 1) | 200 OK [http://localhost/products]


Processing ProductsController#show (for 127.0.0.1 at 2009-12-16 12:20:18) [GET]
  Parameters: {"id"=>"1"}
  [4;35;1mProduct Load (0.7ms)[0m   [0mSELECT * FROM "products" WHERE ("products"."id" = 1) [0m
Rendering products/show
Completed in 21ms (View: 6, DB: 1) | 200 OK [http://localhost/products/1]


Processing ProductsController#index (for 127.0.0.1 at 2009-12-16 12:20:19) [GET]
  [4;36;1mProduct Load (1.3ms)[0m   [0;1mSELECT * FROM "products" LIMIT 20 OFFSET 0[0m
Rendering products/index
Rendered products/_item (12.1ms)
Rendered products/_item (4.0ms)
Completed in 32ms (View: 20, DB: 1) | 200 OK [http://localhost/products]
  [4;36;1mSQL (0.9ms)[0m   [0;1m SELECT name
 FROM sqlite_master
 WHERE type = 'table' AND NOT name = 'sqlite_sequence'
[0m
  [4;35;1mSQL (0.4ms)[0m   [0mSELECT version FROM schema_migrations[0m
Migrating to CreateProducts (20091215165850)
Migrating to CreateOrders (20091216121721)
Migrating to CreateOrderProducts (20091216122243)
  [4;36;1mSQL (0.3ms)[0m   [0;1mselect sqlite_version(*)[0m
  [4;35;1mSQL (0.9ms)[0m   [0mCREATE TABLE "order_products" ("id" INTEGER PRIMARY KEY AUTOINCREMENT NOT NULL, "created_at" datetime, "updated_at" datetime) [0m
  [4;36;1mSQL (0.2ms)[0m   [0;1mINSERT INTO schema_migrations (version) VALUES ('20091216122243')[0m
  [4;35;1mSQL (0.7ms)[0m   [0m SELECT name
 FROM sqlite_master
 WHERE type = 'table' AND NOT name = 'sqlite_sequence'
[0m
  [4;36;1mSQL (0.5ms)[0m   [0;1mSELECT version FROM schema_migrations[0m
  [4;35;1mSQL (0.6ms)[0m   [0m SELECT name
 FROM sqlite_master
 WHERE type = 'table' AND NOT name = 'sqlite_sequence'
[0m
  [4;36;1mSQL (0.2ms)[0m   [0;1mPRAGMA index_list("order_products")[0m
  [4;35;1mSQL (0.2ms)[0m   [0mPRAGMA index_list("orders")[0m
  [4;36;1mSQL (0.1ms)[0m   [0;1mPRAGMA index_list("products")[0m
  [4;36;1mSQL (1.1ms)[0m   [0;1m SELECT name
 FROM sqlite_master
 WHERE type = 'table' AND NOT name = 'sqlite_sequence'
[0m
  [4;35;1mSQL (0.7ms)[0m   [0mSELECT version FROM schema_migrations[0m
  [4;36;1mSQL (0.7ms)[0m   [0;1m SELECT name
 FROM sqlite_master
 WHERE type = 'table' AND NOT name = 'sqlite_sequence'
[0m
  [4;35;1mSQL (0.8ms)[0m   [0mSELECT version FROM schema_migrations[0m
  [4;36;1mSQL (1.1ms)[0m   [0;1m SELECT name
 FROM sqlite_master
 WHERE type = 'table' AND NOT name = 'sqlite_sequence'
[0m
  [4;35;1mSQL (0.5ms)[0m   [0mSELECT version FROM schema_migrations[0m
  [4;36;1mSQL (0.6ms)[0m   [0;1m SELECT name
 FROM sqlite_master
 WHERE type = 'table' AND NOT name = 'sqlite_sequence'
[0m
  [4;35;1mSQL (0.5ms)[0m   [0mSELECT version FROM schema_migrations[0m
Migrating to CreateOrderProducts (20091216122243)
  [4;36;1mSQL (0.3ms)[0m   [0;1mselect sqlite_version(*)[0m
  [4;35;1mSQL (0.6ms)[0m   [0mDROP TABLE "order_products"[0m
  [4;36;1mSQL (0.2ms)[0m   [0;1mDELETE FROM schema_migrations WHERE version = '20091216122243'[0m
  [4;35;1mSQL (0.6ms)[0m   [0m SELECT name
 FROM sqlite_master
 WHERE type = 'table' AND NOT name = 'sqlite_sequence'
[0m
  [4;36;1mSQL (0.4ms)[0m   [0;1mSELECT version FROM schema_migrations[0m
  [4;35;1mSQL (0.5ms)[0m   [0m SELECT name
 FROM sqlite_master
 WHERE type = 'table' AND NOT name = 'sqlite_sequence'
[0m
  [4;36;1mSQL (0.1ms)[0m   [0;1mPRAGMA index_list("orders")[0m
  [4;35;1mSQL (0.1ms)[0m   [0mPRAGMA index_list("products")[0m
  [4;36;1mSQL (0.9ms)[0m   [0;1m SELECT name
 FROM sqlite_master
 WHERE type = 'table' AND NOT name = 'sqlite_sequence'
[0m
  [4;35;1mSQL (0.5ms)[0m   [0mSELECT version FROM schema_migrations[0m
Migrating to CreateProducts (20091215165850)
Migrating to CreateOrders (20091216121721)
Migrating to CreateOrderProducts (20091216122243)
  [4;36;1mSQL (0.3ms)[0m   [0;1mselect sqlite_version(*)[0m
  [4;35;1mSQL (0.7ms)[0m   [0mCREATE TABLE "order_products" ("id" INTEGER PRIMARY KEY AUTOINCREMENT NOT NULL, "order_id" integer NOT NULL, "product_id" integer NOT NULL, "created_at" datetime, "updated_at" datetime) [0m
  [4;36;1mSQL (0.2ms)[0m   [0;1mINSERT INTO schema_migrations (version) VALUES ('20091216122243')[0m
  [4;35;1mSQL (0.9ms)[0m   [0m SELECT name
 FROM sqlite_master
 WHERE type = 'table' AND NOT name = 'sqlite_sequence'
[0m
  [4;36;1mSQL (0.6ms)[0m   [0;1mSELECT version FROM schema_migrations[0m
  [4;35;1mSQL (0.8ms)[0m   [0m SELECT name
 FROM sqlite_master
 WHERE type = 'table' AND NOT name = 'sqlite_sequence'
[0m
  [4;36;1mSQL (0.2ms)[0m   [0;1mPRAGMA index_list("order_products")[0m
  [4;35;1mSQL (0.2ms)[0m   [0mPRAGMA index_list("orders")[0m
  [4;36;1mSQL (0.1ms)[0m   [0;1mPRAGMA index_list("products")[0m
  [4;36;1mOrder Load (0.5ms)[0m   [0;1mSELECT * FROM "orders" LIMIT 1[0m
  [4;35;1mOrder Load (0.3ms)[0m   [0mSELECT * FROM "orders" LIMIT 1[0m
  [4;36;1mOrder Load (0.6ms)[0m   [0;1mSELECT * FROM "orders" LIMIT 1[0m
  [4;35;1mOrder Load (0.3ms)[0m   [0mSELECT * FROM "orders" LIMIT 1[0m


Processing OrdersController#index (for 127.0.0.1 at 2009-12-16 12:33:06) [GET]
  [4;35;1mOrder Load (0.5ms)[0m   [0mSELECT * FROM "orders" LIMIT 20 OFFSET 0[0m
Rendering orders/index
Completed in 168ms (View: 156, DB: 0) | 200 OK [http://localhost/orders]


Processing OrdersController#new (for 127.0.0.1 at 2009-12-16 12:33:08) [GET]
Rendering orders/new
Rendered orders/_form (11.1ms)
Completed in 62ms (View: 49, DB: 0) | 200 OK [http://localhost/orders/new]


Processing OrdersController#create (for 127.0.0.1 at 2009-12-16 12:33:15) [POST]
  Parameters: {"commit"=>"Create", "authenticity_token"=>"75/F72Gdtm6aGps0a1z3aTl9bCB1T4RjvU2ebQnx71A=", "order"=>{"state"=>"draft"}}
  [4;36;1mOrder Create (0.5ms)[0m   [0;1mINSERT INTO "orders" ("created_at", "updated_at", "state") VALUES('2009-12-16 12:33:15', '2009-12-16 12:33:15', 'draft')[0m
Redirected to http://localhost:3000/orders/1
Completed in 28ms (DB: 0) | 302 Found [http://localhost/orders]


Processing OrdersController#show (for 127.0.0.1 at 2009-12-16 12:33:15) [GET]
  Parameters: {"id"=>"1"}
  [4;35;1mOrder Load (0.8ms)[0m   [0mSELECT * FROM "orders" WHERE ("orders"."id" = 1) [0m
Rendering orders/show
Completed in 44ms (View: 29, DB: 1) | 200 OK [http://localhost/orders/1]


Processing OrdersController#index (for 127.0.0.1 at 2009-12-16 12:33:17) [GET]
  [4;36;1mOrder Load (0.8ms)[0m   [0;1mSELECT * FROM "orders" LIMIT 20 OFFSET 0[0m
Rendering orders/index
Rendered orders/_item (57.9ms)
Completed in 80ms (View: 68, DB: 1) | 200 OK [http://localhost/orders]
  [4;36;1mOrder Load (0.8ms)[0m   [0;1mSELECT * FROM "orders" LIMIT 1[0m
  [4;35;1mOrder Load (0.8ms)[0m   [0mSELECT * FROM "orders" LIMIT 1[0m
  [4;36;1mOrder Load (0.6ms)[0m   [0;1mSELECT * FROM "orders" LIMIT 1[0m
  [4;35;1mOrder Load (0.7ms)[0m   [0mSELECT * FROM "orders" LIMIT 1[0m
  [4;36;1mOrder::Product Load (0.3ms)[0m   [0;1mSELECT * FROM "order_products" WHERE ("order_products".order_id = 1) [0m
  [4;35;1mOrder Load (0.6ms)[0m   [0mSELECT * FROM "orders" LIMIT 1[0m
  [4;36;1mProduct Load (0.7ms)[0m   [0;1mSELECT * FROM "products" LIMIT 1[0m
  [4;35;1mProduct Update (0.6ms)[0m   [0mUPDATE "products" SET "updated_at" = '2009-12-16 12:34:03' WHERE "id" = 1[0m
  [4;36;1mOrder::Product Load (0.3ms)[0m   [0;1mSELECT * FROM "order_products" WHERE ("order_products".order_id = 1) [0m
  [4;35;1mOrder Load (0.7ms)[0m   [0mSELECT * FROM "orders" LIMIT 1[0m
  [4;36;1mOrder::Product Load (0.2ms)[0m   [0;1mSELECT * FROM "order_products" WHERE ("order_products".order_id = 1) [0m
  [4;35;1mProduct Load (1.0ms)[0m   [0mSELECT * FROM "products" LIMIT 1[0m
  [4;36;1mOrder Load (0.7ms)[0m   [0;1mSELECT * FROM "orders" LIMIT 1[0m
  [4;35;1mProduct Load (0.7ms)[0m   [0mSELECT * FROM "products" LIMIT 1[0m
  [4;36;1mProduct Update (0.5ms)[0m   [0;1mUPDATE "products" SET "updated_at" = '2009-12-16 12:34:56' WHERE "id" = 1[0m
  [4;35;1mOrder::Product Load (0.3ms)[0m   [0mSELECT * FROM "order_products" WHERE ("order_products".order_id = 1) [0m
  [4;36;1mSQL (1.0ms)[0m   [0;1m SELECT name
 FROM sqlite_master
 WHERE type = 'table' AND NOT name = 'sqlite_sequence'
[0m
  [4;35;1mSQL (0.5ms)[0m   [0mSELECT version FROM schema_migrations[0m
  [4;36;1mSQL (0.7ms)[0m   [0;1m SELECT name
 FROM sqlite_master
 WHERE type = 'table' AND NOT name = 'sqlite_sequence'
[0m
  [4;35;1mSQL (0.7ms)[0m   [0mSELECT version FROM schema_migrations[0m
Migrating to CreateOrderProducts (20091216122243)
  [4;36;1mSQL (0.3ms)[0m   [0;1mselect sqlite_version(*)[0m
  [4;35;1mSQL (0.6ms)[0m   [0mDROP TABLE "order_products"[0m
  [4;36;1mSQL (0.2ms)[0m   [0;1mDELETE FROM schema_migrations WHERE version = '20091216122243'[0m
  [4;35;1mSQL (0.6ms)[0m   [0m SELECT name
 FROM sqlite_master
 WHERE type = 'table' AND NOT name = 'sqlite_sequence'
[0m
  [4;36;1mSQL (0.4ms)[0m   [0;1mSELECT version FROM schema_migrations[0m
  [4;35;1mSQL (0.6ms)[0m   [0m SELECT name
 FROM sqlite_master
 WHERE type = 'table' AND NOT name = 'sqlite_sequence'
[0m
  [4;36;1mSQL (0.1ms)[0m   [0;1mPRAGMA index_list("orders")[0m
  [4;35;1mSQL (0.1ms)[0m   [0mPRAGMA index_list("products")[0m
  [4;36;1mSQL (1.0ms)[0m   [0;1m SELECT name
 FROM sqlite_master
 WHERE type = 'table' AND NOT name = 'sqlite_sequence'
[0m
  [4;35;1mSQL (0.4ms)[0m   [0mSELECT version FROM schema_migrations[0m
Migrating to CreateProducts (20091215165850)
Migrating to CreateOrders (20091216121721)
Migrating to CreateOrderProducts (20091216123712)
  [4;36;1mSQL (0.3ms)[0m   [0;1mselect sqlite_version(*)[0m
  [4;35;1mSQL (0.7ms)[0m   [0mCREATE TABLE "order_products" ("id" INTEGER PRIMARY KEY AUTOINCREMENT NOT NULL, "order" integer NOT NULL, "product" integer NOT NULL, "created_at" datetime, "updated_at" datetime) [0m
  [4;36;1mSQL (0.2ms)[0m   [0;1mINSERT INTO schema_migrations (version) VALUES ('20091216123712')[0m
  [4;35;1mSQL (1.1ms)[0m   [0m SELECT name
 FROM sqlite_master
 WHERE type = 'table' AND NOT name = 'sqlite_sequence'
[0m
  [4;36;1mSQL (0.6ms)[0m   [0;1mSELECT version FROM schema_migrations[0m
  [4;35;1mSQL (0.9ms)[0m   [0m SELECT name
 FROM sqlite_master
 WHERE type = 'table' AND NOT name = 'sqlite_sequence'
[0m
  [4;36;1mSQL (0.2ms)[0m   [0;1mPRAGMA index_list("order_products")[0m
  [4;35;1mSQL (0.2ms)[0m   [0mPRAGMA index_list("orders")[0m
  [4;36;1mSQL (0.2ms)[0m   [0;1mPRAGMA index_list("products")[0m
  [4;36;1mProduct Load (1.0ms)[0m   [0;1mSELECT * FROM "products" LIMIT 1[0m
  [4;35;1mProduct Load (0.7ms)[0m   [0mSELECT * FROM "products" LIMIT 1[0m
  [4;36;1mOrder Load (1.5ms)[0m   [0;1mSELECT * FROM "orders" LIMIT 1[0m
  [4;35;1mOrder Load (0.6ms)[0m   [0mSELECT * FROM "orders" LIMIT 1[0m
  [4;36;1mOrder Load (0.6ms)[0m   [0;1mSELECT * FROM "orders" LIMIT 1[0m
  [4;35;1mProduct Load (0.0ms)[0m   [0mSQLite3::SQLException: no such column: products.order_id: SELECT * FROM "products" WHERE ("products".order_id = 1) [0m
  [4;36;1mOrder Load (0.8ms)[0m   [0;1mSELECT * FROM "orders" LIMIT 1[0m
  [4;35;1mOrder Load (0.7ms)[0m   [0mSELECT * FROM "orders" LIMIT 1[0m
  [4;36;1mProduct Load (0.0ms)[0m   [0;1mSQLite3::SQLException: no such column: order_products.product_id: SELECT "products".* FROM "products" INNER JOIN "order_products" ON "products".id = "order_products".product_id WHERE (("order_products".order_id = 1)) [0m
  [4;36;1mSQL (1.1ms)[0m   [0;1m SELECT name
 FROM sqlite_master
 WHERE type = 'table' AND NOT name = 'sqlite_sequence'
[0m
  [4;35;1mSQL (0.5ms)[0m   [0mSELECT version FROM schema_migrations[0m
  [4;36;1mSQL (0.6ms)[0m   [0;1m SELECT name
 FROM sqlite_master
 WHERE type = 'table' AND NOT name = 'sqlite_sequence'
[0m
  [4;35;1mSQL (0.8ms)[0m   [0mSELECT version FROM schema_migrations[0m
Migrating to CreateOrderProducts (20091216123712)
  [4;36;1mSQL (0.3ms)[0m   [0;1mselect sqlite_version(*)[0m
  [4;35;1mSQL (0.6ms)[0m   [0mDROP TABLE "order_products"[0m
  [4;36;1mSQL (0.2ms)[0m   [0;1mDELETE FROM schema_migrations WHERE version = '20091216123712'[0m
  [4;35;1mSQL (0.6ms)[0m   [0m SELECT name
 FROM sqlite_master
 WHERE type = 'table' AND NOT name = 'sqlite_sequence'
[0m
  [4;36;1mSQL (0.4ms)[0m   [0;1mSELECT version FROM schema_migrations[0m
  [4;35;1mSQL (0.5ms)[0m   [0m SELECT name
 FROM sqlite_master
 WHERE type = 'table' AND NOT name = 'sqlite_sequence'
[0m
  [4;36;1mSQL (0.1ms)[0m   [0;1mPRAGMA index_list("orders")[0m
  [4;35;1mSQL (0.2ms)[0m   [0mPRAGMA index_list("products")[0m
  [4;36;1mSQL (1.0ms)[0m   [0;1m SELECT name
 FROM sqlite_master
 WHERE type = 'table' AND NOT name = 'sqlite_sequence'
[0m
  [4;35;1mSQL (0.4ms)[0m   [0mSELECT version FROM schema_migrations[0m
Migrating to CreateProducts (20091215165850)
Migrating to CreateOrders (20091216121721)
Migrating to CreateOrderProducts (20091216123712)
  [4;36;1mSQL (0.3ms)[0m   [0;1mselect sqlite_version(*)[0m
  [4;35;1mSQL (0.8ms)[0m   [0mCREATE TABLE "order_products" ("id" INTEGER PRIMARY KEY AUTOINCREMENT NOT NULL, "order_id" integer NOT NULL, "product_id" integer NOT NULL, "created_at" datetime, "updated_at" datetime) [0m
  [4;36;1mSQL (0.2ms)[0m   [0;1mINSERT INTO schema_migrations (version) VALUES ('20091216123712')[0m
  [4;35;1mSQL (0.7ms)[0m   [0m SELECT name
 FROM sqlite_master
 WHERE type = 'table' AND NOT name = 'sqlite_sequence'
[0m
  [4;36;1mSQL (0.5ms)[0m   [0;1mSELECT version FROM schema_migrations[0m
  [4;35;1mSQL (0.6ms)[0m   [0m SELECT name
 FROM sqlite_master
 WHERE type = 'table' AND NOT name = 'sqlite_sequence'
[0m
  [4;36;1mSQL (0.1ms)[0m   [0;1mPRAGMA index_list("order_products")[0m
  [4;35;1mSQL (0.2ms)[0m   [0mPRAGMA index_list("orders")[0m
  [4;36;1mSQL (0.1ms)[0m   [0;1mPRAGMA index_list("products")[0m
  [4;36;1mOrder Load (1.0ms)[0m   [0;1mSELECT * FROM "orders" LIMIT 1[0m
  [4;35;1mOrder Load (0.6ms)[0m   [0mSELECT * FROM "orders" LIMIT 1[0m
  [4;36;1mProduct Load (0.3ms)[0m   [0;1mSELECT "products".* FROM "products" INNER JOIN "order_products" ON "products".id = "order_products".product_id WHERE (("order_products".order_id = 1)) [0m
  [4;35;1mProduct Load (0.7ms)[0m   [0mSELECT * FROM "products" LIMIT 1[0m
  [4;36;1mOrderProduct Create (0.6ms)[0m   [0;1mINSERT INTO "order_products" ("created_at", "product_id", "order_id", "updated_at") VALUES('2009-12-16 12:45:03', 1, 1, '2009-12-16 12:45:03')[0m
  [4;35;1mOrderProduct Load (0.7ms)[0m   [0mSELECT * FROM "order_products" LIMIT 1[0m


Processing OrdersController#index (for 127.0.0.1 at 2009-12-16 12:45:46) [GET]
  [4;35;1mOrder Load (0.8ms)[0m   [0mSELECT * FROM "orders" LIMIT 20 OFFSET 0[0m
Rendering orders/index
Rendered orders/_item (9.1ms)
Completed in 23ms (View: 11, DB: 1) | 200 OK [http://localhost/orders/]
  [4;36;1mOrderProduct Load (0.7ms)[0m   [0;1mSELECT * FROM "order_products" LIMIT 1[0m


Processing OrdersController#show (for 127.0.0.1 at 2009-12-16 12:46:50) [GET]
  Parameters: {"id"=>"1"}
  [4;36;1mOrder Load (0.5ms)[0m   [0;1mSELECT * FROM "orders" WHERE ("orders"."id" = 1) [0m
Rendering orders/show
Completed in 19ms (View: 5, DB: 1) | 200 OK [http://localhost/orders/1]


Processing OrdersController#show (for 127.0.0.1 at 2009-12-16 16:16:25) [GET]
  Parameters: {"id"=>"1"}
  [4;35;1mOrder Load (0.6ms)[0m   [0mSELECT * FROM "orders" WHERE ("orders"."id" = 1) [0m
Rendering orders/show

ActionView::TemplateError (You have a nil object when you didn't expect it!
You might have expected an instance of Array.
The error occurred while evaluating nil.each) on line #18 of app/views/orders/show.html.haml:
15:         %th.price= 'Price'
16:         %th.actions= 'Actions'
17:     %tbody.items.products
18:       - @products.each do |product|
19:         = render 'products/item', :product => product
20:         
21: %p.actions

    app/views/orders/show.html.haml:18:in `_run_haml_app47views47orders47show46html46haml'
    haml (2.2.15) lib/haml/helpers.rb:322:in `call'
    haml (2.2.15) lib/haml/helpers.rb:322:in `capture_haml'
    haml (2.2.15) lib/haml/helpers.rb:523:in `with_haml_buffer'
    haml (2.2.15) lib/haml/helpers.rb:318:in `capture_haml'
    haml (2.2.15) lib/haml/helpers/action_view_mods.rb:87:in `capture'
    haml (2.2.15) lib/haml/helpers/action_view_mods.rb:107:in `content_tag'
    app/views/orders/show.html.haml:4:in `_run_haml_app47views47orders47show46html46haml'
    haml (2.2.15) lib/haml/helpers/action_view_mods.rb:13:in `render'
    /usr/local/lib/ruby/gems/1.8/gems/josevalim-inherited_resources-0.9.1/lib/inherited_resources/legacy/respond_to.rb:107:in `retrieve_response_from_mimes'
    /usr/local/lib/ruby/gems/1.8/gems/josevalim-inherited_resources-0.9.1/lib/inherited_resources/legacy/responder.rb:163:in `call'
    /usr/local/lib/ruby/gems/1.8/gems/josevalim-inherited_resources-0.9.1/lib/inherited_resources/legacy/responder.rb:163:in `default_render'
    /usr/local/lib/ruby/gems/1.8/gems/josevalim-inherited_resources-0.9.1/lib/inherited_resources/legacy/responder.rb:113:in `to_html'
    /usr/local/lib/ruby/gems/1.8/gems/josevalim-inherited_resources-0.9.1/lib/inherited_resources/legacy/responder.rb:106:in `send'
    /usr/local/lib/ruby/gems/1.8/gems/josevalim-inherited_resources-0.9.1/lib/inherited_resources/legacy/responder.rb:106:in `call'
    /usr/local/lib/ruby/gems/1.8/gems/josevalim-inherited_resources-0.9.1/lib/inherited_resources/legacy/respond_to.rb:65:in `respond_with'
    /usr/local/lib/ruby/gems/1.8/gems/josevalim-inherited_resources-0.9.1/lib/inherited_resources/actions.rb:13:in `show'
    haml (2.2.15) rails/./lib/sass/plugin/rails.rb:19:in `process'

Rendered rescues/_trace (140.2ms)
Rendered rescues/_request_and_response (3.0ms)
Rendering rescues/layout (internal_server_error)


Processing OrdersController#show (for 127.0.0.1 at 2009-12-16 16:16:53) [GET]
  Parameters: {"id"=>"1"}
  [4;36;1mOrder Load (0.6ms)[0m   [0;1mSELECT * FROM "orders" WHERE ("orders"."id" = 1) [0m
Rendering orders/show
  [4;35;1mProduct Load (0.8ms)[0m   [0mSELECT "products".* FROM "products" INNER JOIN "order_products" ON "products".id = "order_products".product_id WHERE (("order_products".order_id = 1)) [0m
Rendered products/_item (5.4ms)
Completed in 92ms (View: 76, DB: 1) | 200 OK [http://localhost/orders/1]


Processing OrdersController#show (for 127.0.0.1 at 2009-12-16 16:18:58) [GET]
  Parameters: {"id"=>"1"}
  [4;36;1mOrder Load (0.6ms)[0m   [0;1mSELECT * FROM "orders" WHERE ("orders"."id" = 1) [0m
Rendering orders/show

ActionView::TemplateError (The line was indented 2 levels deeper than the previous line.) on line #11 of app/views/orders/show.html.haml:
8:   %dd.state= h @order.try(:state)
9:   
10: - %table
11:     %thead.header
12:       %tr
13:         %th.name= 'Name'
14:         %th.description= 'Description'

    app/views/orders/show.html.haml:11
    haml (2.2.15) lib/haml/precompiler.rb:180:in `precompile'
    haml (2.2.15) lib/haml/engine.rb:114:in `initialize'
    haml (2.2.15) rails/./lib/haml/template/plugin.rb:21:in `new'
    haml (2.2.15) rails/./lib/haml/template/plugin.rb:21:in `compile'
    haml (2.2.15) lib/haml/helpers/action_view_mods.rb:13:in `render'
    /usr/local/lib/ruby/gems/1.8/gems/josevalim-inherited_resources-0.9.1/lib/inherited_resources/legacy/respond_to.rb:107:in `retrieve_response_from_mimes'
    /usr/local/lib/ruby/gems/1.8/gems/josevalim-inherited_resources-0.9.1/lib/inherited_resources/legacy/responder.rb:163:in `call'
    /usr/local/lib/ruby/gems/1.8/gems/josevalim-inherited_resources-0.9.1/lib/inherited_resources/legacy/responder.rb:163:in `default_render'
    /usr/local/lib/ruby/gems/1.8/gems/josevalim-inherited_resources-0.9.1/lib/inherited_resources/legacy/responder.rb:113:in `to_html'
    /usr/local/lib/ruby/gems/1.8/gems/josevalim-inherited_resources-0.9.1/lib/inherited_resources/legacy/responder.rb:106:in `send'
    /usr/local/lib/ruby/gems/1.8/gems/josevalim-inherited_resources-0.9.1/lib/inherited_resources/legacy/responder.rb:106:in `call'
    /usr/local/lib/ruby/gems/1.8/gems/josevalim-inherited_resources-0.9.1/lib/inherited_resources/legacy/respond_to.rb:65:in `respond_with'
    /usr/local/lib/ruby/gems/1.8/gems/josevalim-inherited_resources-0.9.1/lib/inherited_resources/actions.rb:13:in `show'
    haml (2.2.15) rails/./lib/sass/plugin/rails.rb:19:in `process'

Rendered rescues/_trace (133.3ms)
Rendered rescues/_request_and_response (1.6ms)
Rendering rescues/layout (internal_server_error)


Processing OrdersController#show (for 127.0.0.1 at 2009-12-16 16:20:04) [GET]
  Parameters: {"id"=>"1"}
  [4;35;1mOrder Load (0.6ms)[0m   [0mSELECT * FROM "orders" WHERE ("orders"."id" = 1) [0m
Rendering orders/show
  [4;36;1mProduct Load (1.4ms)[0m   [0;1mSELECT "products".* FROM "products" INNER JOIN "order_products" ON "products".id = "order_products".product_id WHERE (("order_products".order_id = 1)) [0m
Rendered products/_item (5.3ms)
Completed in 81ms (View: 62, DB: 2) | 200 OK [http://localhost/orders/1]


Processing OrdersController#show (for 127.0.0.1 at 2009-12-16 16:21:30) [GET]
  Parameters: {"id"=>"1"}
  [4;35;1mOrder Load (0.6ms)[0m   [0mSELECT * FROM "orders" WHERE ("orders"."id" = 1) [0m
Rendering orders/show
  [4;36;1mProduct Load (0.9ms)[0m   [0;1mSELECT "products".* FROM "products" INNER JOIN "order_products" ON "products".id = "order_products".product_id WHERE (("order_products".order_id = 1)) [0m
Rendered products/_item (5.9ms)
Completed in 142ms (View: 127, DB: 1) | 200 OK [http://localhost/orders/1]


Processing OrdersController#show (for 127.0.0.1 at 2009-12-16 16:21:32) [GET]
  Parameters: {"id"=>"1"}
  [4;35;1mOrder Load (0.5ms)[0m   [0mSELECT * FROM "orders" WHERE ("orders"."id" = 1) [0m
Rendering orders/show
  [4;36;1mProduct Load (1.2ms)[0m   [0;1mSELECT "products".* FROM "products" INNER JOIN "order_products" ON "products".id = "order_products".product_id WHERE (("order_products".order_id = 1)) [0m
Rendered products/_item (5.5ms)
Completed in 60ms (View: 43, DB: 2) | 200 OK [http://localhost/orders/1]


Processing OrdersController#show (for 127.0.0.1 at 2009-12-16 16:21:38) [GET]
  Parameters: {"id"=>"1"}
  [4;35;1mOrder Load (0.5ms)[0m   [0mSELECT * FROM "orders" WHERE ("orders"."id" = 1) [0m
Rendering orders/show
  [4;36;1mProduct Load (0.9ms)[0m   [0;1mSELECT "products".* FROM "products" INNER JOIN "order_products" ON "products".id = "order_products".product_id WHERE (("order_products".order_id = 1)) [0m
Rendered products/_item (5.6ms)
Completed in 56ms (View: 41, DB: 1) | 200 OK [http://localhost/orders/1]


Processing OrdersController#show (for 127.0.0.1 at 2009-12-16 16:21:43) [GET]
  Parameters: {"id"=>"1"}
  [4;35;1mOrder Load (0.9ms)[0m   [0mSELECT * FROM "orders" WHERE ("orders"."id" = 1) [0m
Rendering orders/show
  [4;36;1mProduct Load (0.8ms)[0m   [0;1mSELECT "products".* FROM "products" INNER JOIN "order_products" ON "products".id = "order_products".product_id WHERE (("order_products".order_id = 1)) [0m
Rendered products/_item (5.2ms)
Completed in 55ms (View: 39, DB: 2) | 200 OK [http://localhost/orders/1]


Processing OrdersController#show (for 127.0.0.1 at 2009-12-16 16:22:07) [GET]
  Parameters: {"id"=>"1"}
  [4;35;1mOrder Load (2.8ms)[0m   [0mSELECT * FROM "orders" WHERE ("orders"."id" = 1) [0m
Rendering orders/show
  [4;36;1mProduct Load (1.0ms)[0m   [0;1mSELECT "products".* FROM "products" INNER JOIN "order_products" ON "products".id = "order_products".product_id WHERE (("order_products".order_id = 1)) [0m
Completed in 103ms (View: 78, DB: 4) | 200 OK [http://localhost/orders/1]


Processing OrdersController#show (for 127.0.0.1 at 2009-12-16 16:22:16) [GET]
  Parameters: {"id"=>"1"}
  [4;35;1mOrder Load (0.6ms)[0m   [0mSELECT * FROM "orders" WHERE ("orders"."id" = 1) [0m
Rendering orders/show
  [4;36;1mProduct Load (1.1ms)[0m   [0;1mSELECT "products".* FROM "products" INNER JOIN "order_products" ON "products".id = "order_products".product_id WHERE (("order_products".order_id = 1)) [0m
Completed in 79ms (View: 63, DB: 2) | 200 OK [http://localhost/orders/1]


Processing OrdersController#index (for 127.0.0.1 at 2009-12-16 16:22:22) [GET]
  [4;35;1mOrder Load (0.8ms)[0m   [0mSELECT * FROM "orders" LIMIT 20 OFFSET 0[0m
Rendering orders/index
Rendered orders/_item (11.6ms)
Completed in 43ms (View: 29, DB: 1) | 200 OK [http://localhost/orders]


Processing OrdersController#index (for 127.0.0.1 at 2009-12-16 16:23:08) [GET]
  [4;36;1mOrder Load (0.8ms)[0m   [0;1mSELECT * FROM "orders" LIMIT 20 OFFSET 0[0m
Rendering orders/index
Rendered orders/_item (13.8ms)
Completed in 50ms (View: 39, DB: 1) | 200 OK [http://localhost/orders]
  [4;35;1mOrderProduct Load (0.7ms)[0m   [0mSELECT * FROM "order_products" WHERE ("order_products".order_id = 1) [0m


Processing OrdersController#edit (for 127.0.0.1 at 2009-12-16 16:40:54) [GET]
  Parameters: {"id"=>"1"}
  [4;36;1mOrder Load (1.3ms)[0m   [0;1mSELECT * FROM "orders" WHERE ("orders"."id" = 1) [0m
Rendering orders/edit
Rendered orders/_form (58.3ms)
Completed in 180ms (View: 149, DB: 1) | 200 OK [http://localhost/orders/1/edit]


Processing OrdersController#update (for 127.0.0.1 at 2009-12-16 16:40:56) [PUT]
  Parameters: {"commit"=>"Update", "authenticity_token"=>"75/F72Gdtm6aGps0a1z3aTl9bCB1T4RjvU2ebQnx71A=", "id"=>"1", "order"=>{"state"=>"draft"}}
  [4;35;1mOrder Load (0.6ms)[0m   [0mSELECT * FROM "orders" WHERE ("orders"."id" = 1) [0m

Bunny::ProtocolError (Connection failed - user: rabbit):
  bunny (0.6.0) lib/bunny/client08.rb:196:in `open_connection'
  bunny (0.6.0) lib/bunny/client08.rb:397:in `start'
  bunny (0.6.0) lib/bunny/client08.rb:389:in `loop'
  bunny (0.6.0) lib/bunny/client08.rb:389:in `start'
  /usr/local/lib/ruby/gems/1.8/gems/brightbox-warren-0.9.0/lib/warren/adapters/bunny_adapter.rb:80:in `do_connect'
  /usr/local/lib/ruby/gems/1.8/gems/brightbox-warren-0.9.0/lib/warren/adapters/bunny_adapter.rb:47:in `publish'
  /usr/local/lib/ruby/gems/1.8/gems/brightbox-warren-0.9.0/lib/warren/queue.rb:68:in `publish'
  app/models/order.rb:8:in `enqueue'
  /usr/local/lib/ruby/gems/1.8/gems/josevalim-inherited_resources-0.9.1/lib/inherited_resources/actions.rb:48:in `update'
  haml (2.2.15) rails/./lib/sass/plugin/rails.rb:19:in `process'

Rendered rescues/_trace (205.2ms)
Rendered rescues/_request_and_response (3.2ms)
Rendering rescues/layout (internal_server_error)


Processing OrdersController#show (for 127.0.0.1 at 2009-12-16 16:41:43) [GET]
  Parameters: {"id"=>"1"}
  [4;36;1mOrder Load (0.9ms)[0m   [0;1mSELECT * FROM "orders" WHERE ("orders"."id" = 1) [0m
Rendering orders/show
  [4;35;1mProduct Load (0.8ms)[0m   [0mSELECT "products".* FROM "products" INNER JOIN "order_products" ON "products".id = "order_products".product_id WHERE (("order_products".order_id = 1)) [0m
Completed in 414ms (View: 398, DB: 2) | 200 OK [http://localhost/orders/1]


Processing OrdersController#edit (for 127.0.0.1 at 2009-12-16 16:41:45) [GET]
  Parameters: {"id"=>"1"}
  [4;36;1mOrder Load (0.8ms)[0m   [0;1mSELECT * FROM "orders" WHERE ("orders"."id" = 1) [0m
Rendering orders/edit
Rendered orders/_form (11.2ms)
Completed in 56ms (View: 40, DB: 1) | 200 OK [http://localhost/orders/1/edit]


Processing OrdersController#update (for 127.0.0.1 at 2009-12-16 16:41:47) [PUT]
  Parameters: {"commit"=>"Update", "authenticity_token"=>"75/F72Gdtm6aGps0a1z3aTl9bCB1T4RjvU2ebQnx71A=", "id"=>"1", "order"=>{"state"=>"draft"}}
  [4;35;1mOrder Load (0.6ms)[0m   [0mSELECT * FROM "orders" WHERE ("orders"."id" = 1) [0m

Warren::Connection::InvalidConnectionDetails (Missing a username, password or vhost.):
  /usr/local/lib/ruby/gems/1.8/gems/brightbox-warren-0.9.0/lib/warren/adapters/bunny_adapter.rb:14:in `check_connection_details'
  /usr/local/lib/ruby/gems/1.8/gems/brightbox-warren-0.9.0/lib/warren/connection.rb:136:in `send'
  /usr/local/lib/ruby/gems/1.8/gems/brightbox-warren-0.9.0/lib/warren/connection.rb:136:in `check_connection_details'
  /usr/local/lib/ruby/gems/1.8/gems/brightbox-warren-0.9.0/lib/warren/connection.rb:77:in `get_connection_details'
  /usr/local/lib/ruby/gems/1.8/gems/brightbox-warren-0.9.0/lib/warren/connection.rb:25:in `initialize'
  /usr/local/lib/ruby/gems/1.8/gems/brightbox-warren-0.9.0/lib/warren/queue.rb:39:in `new'
  /usr/local/lib/ruby/gems/1.8/gems/brightbox-warren-0.9.0/lib/warren/queue.rb:39:in `connection'
  /usr/local/lib/ruby/gems/1.8/gems/brightbox-warren-0.9.0/lib/warren/adapters/bunny_adapter.rb:24:in `queue_name'
  /usr/local/lib/ruby/gems/1.8/gems/brightbox-warren-0.9.0/lib/warren/adapters/bunny_adapter.rb:43:in `publish'
  /usr/local/lib/ruby/gems/1.8/gems/brightbox-warren-0.9.0/lib/warren/queue.rb:68:in `publish'
  app/models/order.rb:8:in `enqueue'
  /usr/local/lib/ruby/gems/1.8/gems/josevalim-inherited_resources-0.9.1/lib/inherited_resources/actions.rb:48:in `update'
  haml (2.2.15) rails/./lib/sass/plugin/rails.rb:19:in `process'

Rendered rescues/_trace (219.1ms)
Rendered rescues/_request_and_response (5.2ms)
Rendering rescues/layout (internal_server_error)


Processing OrdersController#show (for 127.0.0.1 at 2009-12-16 16:44:32) [GET]
  Parameters: {"id"=>"1"}
  [4;36;1mOrder Load (0.6ms)[0m   [0;1mSELECT * FROM "orders" WHERE ("orders"."id" = 1) [0m
Rendering orders/show
  [4;35;1mProduct Load (0.8ms)[0m   [0mSELECT "products".* FROM "products" INNER JOIN "order_products" ON "products".id = "order_products".product_id WHERE (("order_products".order_id = 1)) [0m
Completed in 420ms (View: 403, DB: 1) | 200 OK [http://localhost/orders/1]


Processing OrdersController#edit (for 127.0.0.1 at 2009-12-16 16:44:34) [GET]
  Parameters: {"id"=>"1"}
  [4;36;1mOrder Load (0.6ms)[0m   [0;1mSELECT * FROM "orders" WHERE ("orders"."id" = 1) [0m
Rendering orders/edit
Rendered orders/_form (11.5ms)
Completed in 58ms (View: 43, DB: 1) | 200 OK [http://localhost/orders/1/edit]


Processing OrdersController#update (for 127.0.0.1 at 2009-12-16 16:44:36) [PUT]
  Parameters: {"commit"=>"Update", "authenticity_token"=>"75/F72Gdtm6aGps0a1z3aTl9bCB1T4RjvU2ebQnx71A=", "id"=>"1", "order"=>{"state"=>"draft"}}
  [4;35;1mOrder Load (0.6ms)[0m   [0mSELECT * FROM "orders" WHERE ("orders"."id" = 1) [0m

Warren::Connection::InvalidConnectionDetails (Missing a default queue name.):
  /usr/local/lib/ruby/gems/1.8/gems/brightbox-warren-0.9.0/lib/warren/adapters/bunny_adapter.rb:25:in `queue_name'
  /usr/local/lib/ruby/gems/1.8/gems/brightbox-warren-0.9.0/lib/warren/adapters/bunny_adapter.rb:43:in `publish'
  /usr/local/lib/ruby/gems/1.8/gems/brightbox-warren-0.9.0/lib/warren/queue.rb:68:in `publish'
  app/models/order.rb:8:in `enqueue'
  /usr/local/lib/ruby/gems/1.8/gems/josevalim-inherited_resources-0.9.1/lib/inherited_resources/actions.rb:48:in `update'
  haml (2.2.15) rails/./lib/sass/plugin/rails.rb:19:in `process'

Rendered rescues/_trace (277.0ms)
Rendered rescues/_request_and_response (5.8ms)
Rendering rescues/layout (internal_server_error)


Processing OrdersController#update (for 127.0.0.1 at 2009-12-16 16:44:49) [PUT]
  Parameters: {"commit"=>"Update", "authenticity_token"=>"75/F72Gdtm6aGps0a1z3aTl9bCB1T4RjvU2ebQnx71A=", "id"=>"1", "order"=>{"state"=>"draft"}}
  [4;36;1mOrder Load (0.6ms)[0m   [0;1mSELECT * FROM "orders" WHERE ("orders"."id" = 1) [0m

Warren::Connection::InvalidConnectionDetails (Missing a default queue name.):
  /usr/local/lib/ruby/gems/1.8/gems/brightbox-warren-0.9.0/lib/warren/adapters/bunny_adapter.rb:25:in `queue_name'
  /usr/local/lib/ruby/gems/1.8/gems/brightbox-warren-0.9.0/lib/warren/adapters/bunny_adapter.rb:43:in `publish'
  /usr/local/lib/ruby/gems/1.8/gems/brightbox-warren-0.9.0/lib/warren/queue.rb:68:in `publish'
  app/models/order.rb:8:in `enqueue'
  /usr/local/lib/ruby/gems/1.8/gems/josevalim-inherited_resources-0.9.1/lib/inherited_resources/actions.rb:48:in `update'
  haml (2.2.15) rails/./lib/sass/plugin/rails.rb:19:in `process'

Rendered rescues/_trace (121.4ms)
Rendered rescues/_request_and_response (0.9ms)
Rendering rescues/layout (internal_server_error)


Processing OrdersController#show (for 127.0.0.1 at 2009-12-16 16:45:07) [GET]
  Parameters: {"id"=>"1"}
  [4;36;1mOrder Load (0.6ms)[0m   [0;1mSELECT * FROM "orders" WHERE ("orders"."id" = 1) [0m
Rendering orders/show
  [4;35;1mProduct Load (0.8ms)[0m   [0mSELECT "products".* FROM "products" INNER JOIN "order_products" ON "products".id = "order_products".product_id WHERE (("order_products".order_id = 1)) [0m
Completed in 345ms (View: 329, DB: 1) | 200 OK [http://localhost/orders/1]


Processing OrdersController#edit (for 127.0.0.1 at 2009-12-16 16:45:10) [GET]
  Parameters: {"id"=>"1"}
  [4;36;1mOrder Load (0.6ms)[0m   [0;1mSELECT * FROM "orders" WHERE ("orders"."id" = 1) [0m
Rendering orders/edit
Rendered orders/_form (11.1ms)
Completed in 58ms (View: 43, DB: 1) | 200 OK [http://localhost/orders/1/edit]


Processing OrdersController#update (for 127.0.0.1 at 2009-12-16 16:45:11) [PUT]
  Parameters: {"commit"=>"Update", "authenticity_token"=>"75/F72Gdtm6aGps0a1z3aTl9bCB1T4RjvU2ebQnx71A=", "id"=>"1", "order"=>{"state"=>"draft"}}
  [4;35;1mOrder Load (0.5ms)[0m   [0mSELECT * FROM "orders" WHERE ("orders"."id" = 1) [0m

Bunny::ProtocolError (Connection failed - user: example):
  bunny (0.6.0) lib/bunny/client08.rb:196:in `open_connection'
  bunny (0.6.0) lib/bunny/client08.rb:397:in `start'
  bunny (0.6.0) lib/bunny/client08.rb:389:in `loop'
  bunny (0.6.0) lib/bunny/client08.rb:389:in `start'
  /usr/local/lib/ruby/gems/1.8/gems/brightbox-warren-0.9.0/lib/warren/adapters/bunny_adapter.rb:80:in `do_connect'
  /usr/local/lib/ruby/gems/1.8/gems/brightbox-warren-0.9.0/lib/warren/adapters/bunny_adapter.rb:47:in `publish'
  /usr/local/lib/ruby/gems/1.8/gems/brightbox-warren-0.9.0/lib/warren/queue.rb:68:in `publish'
  app/models/order.rb:8:in `enqueue'
  /usr/local/lib/ruby/gems/1.8/gems/josevalim-inherited_resources-0.9.1/lib/inherited_resources/actions.rb:48:in `update'
  haml (2.2.15) rails/./lib/sass/plugin/rails.rb:19:in `process'

Rendered rescues/_trace (124.7ms)
Rendered rescues/_request_and_response (3.3ms)
Rendering rescues/layout (internal_server_error)


Processing OrdersController#show (for 127.0.0.1 at 2009-12-16 16:50:13) [GET]
  Parameters: {"id"=>"1"}
  [4;36;1mOrder Load (0.6ms)[0m   [0;1mSELECT * FROM "orders" WHERE ("orders"."id" = 1) [0m
Rendering orders/show
  [4;35;1mProduct Load (0.9ms)[0m   [0mSELECT "products".* FROM "products" INNER JOIN "order_products" ON "products".id = "order_products".product_id WHERE (("order_products".order_id = 1)) [0m
Completed in 394ms (View: 377, DB: 2) | 200 OK [http://localhost/orders/1]


Processing OrdersController#edit (for 127.0.0.1 at 2009-12-16 16:50:15) [GET]
  Parameters: {"id"=>"1"}
  [4;36;1mOrder Load (0.7ms)[0m   [0;1mSELECT * FROM "orders" WHERE ("orders"."id" = 1) [0m
Rendering orders/edit
Rendered orders/_form (12.0ms)
Completed in 60ms (View: 44, DB: 1) | 200 OK [http://localhost/orders/1/edit]


Processing OrdersController#update (for 127.0.0.1 at 2009-12-16 16:50:16) [PUT]
  Parameters: {"commit"=>"Update", "authenticity_token"=>"75/F72Gdtm6aGps0a1z3aTl9bCB1T4RjvU2ebQnx71A=", "id"=>"1", "order"=>{"state"=>"draft"}}
  [4;35;1mOrder Load (0.6ms)[0m   [0mSELECT * FROM "orders" WHERE ("orders"."id" = 1) [0m

NoMethodError (undefined method `payload' for nil:NilClass):
  bunny (0.6.0) lib/qrack/client.rb:84:in `next_method'
  bunny (0.6.0) lib/bunny/client08.rb:210:in `open_connection'
  bunny (0.6.0) lib/bunny/client08.rb:397:in `start'
  bunny (0.6.0) lib/bunny/client08.rb:389:in `loop'
  bunny (0.6.0) lib/bunny/client08.rb:389:in `start'
  /usr/local/lib/ruby/gems/1.8/gems/brightbox-warren-0.9.0/lib/warren/adapters/bunny_adapter.rb:80:in `do_connect'
  /usr/local/lib/ruby/gems/1.8/gems/brightbox-warren-0.9.0/lib/warren/adapters/bunny_adapter.rb:47:in `publish'
  /usr/local/lib/ruby/gems/1.8/gems/brightbox-warren-0.9.0/lib/warren/queue.rb:68:in `publish'
  app/models/order.rb:8:in `enqueue'
  /usr/local/lib/ruby/gems/1.8/gems/josevalim-inherited_resources-0.9.1/lib/inherited_resources/actions.rb:48:in `update'
  haml (2.2.15) rails/./lib/sass/plugin/rails.rb:19:in `process'

Rendered rescues/_trace (139.3ms)
Rendered rescues/_request_and_response (3.2ms)
Rendering rescues/layout (internal_server_error)


Processing OrdersController#update (for 127.0.0.1 at 2009-12-16 16:52:01) [PUT]
  Parameters: {"commit"=>"Update", "authenticity_token"=>"75/F72Gdtm6aGps0a1z3aTl9bCB1T4RjvU2ebQnx71A=", "id"=>"1", "order"=>{"state"=>"draft"}}
  [4;36;1mOrder Load (0.6ms)[0m   [0;1mSELECT * FROM "orders" WHERE ("orders"."id" = 1) [0m

NoMethodError (undefined method `payload' for nil:NilClass):
  bunny (0.6.0) lib/qrack/client.rb:84:in `next_method'
  bunny (0.6.0) lib/bunny/client08.rb:210:in `open_connection'
  bunny (0.6.0) lib/bunny/client08.rb:397:in `start'
  bunny (0.6.0) lib/bunny/client08.rb:389:in `loop'
  bunny (0.6.0) lib/bunny/client08.rb:389:in `start'
  /usr/local/lib/ruby/gems/1.8/gems/brightbox-warren-0.9.0/lib/warren/adapters/bunny_adapter.rb:80:in `do_connect'
  /usr/local/lib/ruby/gems/1.8/gems/brightbox-warren-0.9.0/lib/warren/adapters/bunny_adapter.rb:47:in `publish'
  /usr/local/lib/ruby/gems/1.8/gems/brightbox-warren-0.9.0/lib/warren/queue.rb:68:in `publish'
  app/models/order.rb:20:in `enqueue'
  /usr/local/lib/ruby/gems/1.8/gems/josevalim-inherited_resources-0.9.1/lib/inherited_resources/actions.rb:48:in `update'
  haml (2.2.15) rails/./lib/sass/plugin/rails.rb:19:in `process'

Rendered rescues/_trace (223.9ms)
Rendered rescues/_request_and_response (1.1ms)
Rendering rescues/layout (internal_server_error)


Processing OrdersController#show (for 127.0.0.1 at 2009-12-16 16:52:04) [GET]
  Parameters: {"id"=>"1"}
  [4;35;1mOrder Load (0.6ms)[0m   [0mSELECT * FROM "orders" WHERE ("orders"."id" = 1) [0m
Rendering orders/show
  [4;36;1mProduct Load (0.8ms)[0m   [0;1mSELECT "products".* FROM "products" INNER JOIN "order_products" ON "products".id = "order_products".product_id WHERE (("order_products".order_id = 1)) [0m
Completed in 56ms (View: 39, DB: 1) | 200 OK [http://localhost/orders/1]


Processing OrdersController#edit (for 127.0.0.1 at 2009-12-16 16:52:08) [GET]
  Parameters: {"id"=>"1"}
  [4;35;1mOrder Load (0.6ms)[0m   [0mSELECT * FROM "orders" WHERE ("orders"."id" = 1) [0m
Rendering orders/edit
Rendered orders/_form (9.4ms)
Completed in 32ms (View: 17, DB: 1) | 200 OK [http://localhost/orders/1/edit]


Processing OrdersController#update (for 127.0.0.1 at 2009-12-16 16:52:09) [PUT]
  Parameters: {"commit"=>"Update", "authenticity_token"=>"75/F72Gdtm6aGps0a1z3aTl9bCB1T4RjvU2ebQnx71A=", "id"=>"1", "order"=>{"state"=>"draft"}}
  [4;36;1mOrder Load (0.6ms)[0m   [0;1mSELECT * FROM "orders" WHERE ("orders"."id" = 1) [0m

NoMethodError (undefined method `payload' for nil:NilClass):
  bunny (0.6.0) lib/qrack/client.rb:84:in `next_method'
  bunny (0.6.0) lib/bunny/client08.rb:210:in `open_connection'
  bunny (0.6.0) lib/bunny/client08.rb:397:in `start'
  bunny (0.6.0) lib/bunny/client08.rb:389:in `loop'
  bunny (0.6.0) lib/bunny/client08.rb:389:in `start'
  /usr/local/lib/ruby/gems/1.8/gems/brightbox-warren-0.9.0/lib/warren/adapters/bunny_adapter.rb:80:in `do_connect'
  /usr/local/lib/ruby/gems/1.8/gems/brightbox-warren-0.9.0/lib/warren/adapters/bunny_adapter.rb:47:in `publish'
  /usr/local/lib/ruby/gems/1.8/gems/brightbox-warren-0.9.0/lib/warren/queue.rb:68:in `publish'
  app/models/order.rb:20:in `enqueue'
  /usr/local/lib/ruby/gems/1.8/gems/josevalim-inherited_resources-0.9.1/lib/inherited_resources/actions.rb:48:in `update'
  haml (2.2.15) rails/./lib/sass/plugin/rails.rb:19:in `process'

Rendered rescues/_trace (132.8ms)
Rendered rescues/_request_and_response (0.9ms)
Rendering rescues/layout (internal_server_error)


Processing OrdersController#show (for 127.0.0.1 at 2009-12-16 17:00:43) [GET]
  Parameters: {"id"=>"1"}
  [4;36;1mOrder Load (0.7ms)[0m   [0;1mSELECT * FROM "orders" WHERE ("orders"."id" = 1) [0m
Rendering orders/show
  [4;35;1mProduct Load (0.8ms)[0m   [0mSELECT "products".* FROM "products" INNER JOIN "order_products" ON "products".id = "order_products".product_id WHERE (("order_products".order_id = 1)) [0m
Completed in 346ms (View: 330, DB: 2) | 200 OK [http://localhost/orders/1]


Processing OrdersController#edit (for 127.0.0.1 at 2009-12-16 17:00:46) [GET]
  Parameters: {"id"=>"1"}
  [4;36;1mOrder Load (0.8ms)[0m   [0;1mSELECT * FROM "orders" WHERE ("orders"."id" = 1) [0m
Rendering orders/edit
Rendered orders/_form (11.1ms)
Completed in 55ms (View: 40, DB: 1) | 200 OK [http://localhost/orders/1/edit]


Processing OrdersController#update (for 127.0.0.1 at 2009-12-16 17:00:47) [PUT]
  Parameters: {"commit"=>"Update", "authenticity_token"=>"75/F72Gdtm6aGps0a1z3aTl9bCB1T4RjvU2ebQnx71A=", "id"=>"1", "order"=>{"state"=>"draft"}}
  [4;35;1mOrder Load (0.6ms)[0m   [0mSELECT * FROM "orders" WHERE ("orders"."id" = 1) [0m
Redirected to http://localhost:3000/orders/1
Completed in 284ms (DB: 0) | 302 Found [http://localhost/orders/1]


Processing OrdersController#show (for 127.0.0.1 at 2009-12-16 17:00:48) [GET]
  Parameters: {"id"=>"1"}
  [4;36;1mOrder Load (0.5ms)[0m   [0;1mSELECT * FROM "orders" WHERE ("orders"."id" = 1) [0m
Rendering orders/show
  [4;35;1mProduct Load (0.8ms)[0m   [0mSELECT "products".* FROM "products" INNER JOIN "order_products" ON "products".id = "order_products".product_id WHERE (("order_products".order_id = 1)) [0m
Completed in 54ms (View: 39, DB: 1) | 200 OK [http://localhost/orders/1]


Processing OrdersController#edit (for 127.0.0.1 at 2009-12-16 17:01:17) [GET]
  Parameters: {"id"=>"1"}
  [4;36;1mOrder Load (0.6ms)[0m   [0;1mSELECT * FROM "orders" WHERE ("orders"."id" = 1) [0m
Rendering orders/edit
Rendered orders/_form (9.3ms)
Completed in 30ms (View: 16, DB: 1) | 200 OK [http://localhost/orders/1/edit]


Processing OrdersController#update (for 127.0.0.1 at 2009-12-16 17:01:18) [PUT]
  Parameters: {"commit"=>"Update", "authenticity_token"=>"75/F72Gdtm6aGps0a1z3aTl9bCB1T4RjvU2ebQnx71A=", "id"=>"1", "order"=>{"state"=>"draft"}}
  [4;35;1mOrder Load (0.6ms)[0m   [0mSELECT * FROM "orders" WHERE ("orders"."id" = 1) [0m
Redirected to http://localhost:3000/orders/1
Completed in 93ms (DB: 0) | 302 Found [http://localhost/orders/1]


Processing OrdersController#show (for 127.0.0.1 at 2009-12-16 17:01:19) [GET]
  Parameters: {"id"=>"1"}
  [4;36;1mOrder Load (0.5ms)[0m   [0;1mSELECT * FROM "orders" WHERE ("orders"."id" = 1) [0m
Rendering orders/show
  [4;35;1mProduct Load (0.8ms)[0m   [0mSELECT "products".* FROM "products" INNER JOIN "order_products" ON "products".id = "order_products".product_id WHERE (("order_products".order_id = 1)) [0m
Completed in 56ms (View: 41, DB: 1) | 200 OK [http://localhost/orders/1]


Processing ProductsController#index (for 127.0.0.1 at 2009-12-17 22:48:10) [GET]
  [4;36;1mProduct Load (24.2ms)[0m   [0;1mSELECT * FROM "products" LIMIT 20 OFFSET 0[0m
Rendering products/index
Rendered products/_item (62.1ms)
Rendered products/_item (4.0ms)
Completed in 190ms (View: 154, DB: 24) | 200 OK [http://localhost/products]


Processing OrdersController#index (for 127.0.0.1 at 2009-12-17 22:48:19) [GET]
  [4;35;1mOrder Load (0.8ms)[0m   [0mSELECT * FROM "orders" LIMIT 20 OFFSET 0[0m
Rendering orders/index
Rendered orders/_item (314.8ms)
Completed in 372ms (View: 358, DB: 1) | 200 OK [http://localhost/orders/]


Processing OrdersController#show (for 127.0.0.1 at 2009-12-17 22:48:22) [GET]
  Parameters: {"id"=>"1"}
  [4;36;1mOrder Load (0.5ms)[0m   [0;1mSELECT * FROM "orders" WHERE ("orders"."id" = 1) [0m
Rendering orders/show
  [4;35;1mProduct Load (0.8ms)[0m   [0mSELECT "products".* FROM "products" INNER JOIN "order_products" ON "products".id = "order_products".product_id WHERE (("order_products".order_id = 1)) [0m
Completed in 158ms (View: 142, DB: 1) | 200 OK [http://localhost/orders/1]


Processing OrdersController#edit (for 127.0.0.1 at 2009-12-17 22:48:24) [GET]
  Parameters: {"id"=>"1"}
  [4;36;1mOrder Load (0.5ms)[0m   [0;1mSELECT * FROM "orders" WHERE ("orders"."id" = 1) [0m
Rendering orders/edit
Rendered orders/_form (24.8ms)
Completed in 90ms (View: 75, DB: 1) | 200 OK [http://localhost/orders/1/edit]


Processing OrdersController#update (for 127.0.0.1 at 2009-12-17 22:48:26) [PUT]
  Parameters: {"commit"=>"Update", "authenticity_token"=>"gwx2rzllZtud58I9RAgOzOP3W0GeV98wczVrIIYZX8E=", "id"=>"1", "order"=>{"state"=>"draft"}}
  [4;35;1mOrder Load (0.6ms)[0m   [0mSELECT * FROM "orders" WHERE ("orders"."id" = 1) [0m
Redirected to http://localhost:3000/orders/1
Completed in 312ms (DB: 0) | 302 Found [http://localhost/orders/1]


Processing OrdersController#show (for 127.0.0.1 at 2009-12-17 22:48:27) [GET]
  Parameters: {"id"=>"1"}
  [4;36;1mOrder Load (0.5ms)[0m   [0;1mSELECT * FROM "orders" WHERE ("orders"."id" = 1) [0m
Rendering orders/show
  [4;35;1mProduct Load (0.8ms)[0m   [0mSELECT "products".* FROM "products" INNER JOIN "order_products" ON "products".id = "order_products".product_id WHERE (("order_products".order_id = 1)) [0m
Completed in 53ms (View: 38, DB: 1) | 200 OK [http://localhost/orders/1]


Processing OrdersController#edit (for 127.0.0.1 at 2009-12-17 22:53:31) [GET]
  Parameters: {"id"=>"1"}
  [4;36;1mOrder Load (0.6ms)[0m   [0;1mSELECT * FROM "orders" WHERE ("orders"."id" = 1) [0m
Rendering orders/edit
Rendered orders/_form (9.3ms)
Completed in 31ms (View: 16, DB: 1) | 200 OK [http://localhost/orders/1/edit]


Processing OrdersController#update (for 127.0.0.1 at 2009-12-17 22:53:32) [PUT]
  Parameters: {"commit"=>"Update", "authenticity_token"=>"gwx2rzllZtud58I9RAgOzOP3W0GeV98wczVrIIYZX8E=", "id"=>"1", "order"=>{"state"=>"draft"}}
  [4;35;1mOrder Load (0.5ms)[0m   [0mSELECT * FROM "orders" WHERE ("orders"."id" = 1) [0m
Redirected to http://localhost:3000/orders/1
Completed in 98ms (DB: 0) | 302 Found [http://localhost/orders/1]


Processing OrdersController#show (for 127.0.0.1 at 2009-12-17 22:53:33) [GET]
  Parameters: {"id"=>"1"}
  [4;36;1mOrder Load (0.5ms)[0m   [0;1mSELECT * FROM "orders" WHERE ("orders"."id" = 1) [0m
Rendering orders/show
  [4;35;1mProduct Load (0.8ms)[0m   [0mSELECT "products".* FROM "products" INNER JOIN "order_products" ON "products".id = "order_products".product_id WHERE (("order_products".order_id = 1)) [0m
Completed in 53ms (View: 38, DB: 1) | 200 OK [http://localhost/orders/1]
  [4;36;1mOrder Load (0.9ms)[0m   [0;1mSELECT * FROM "orders" LIMIT 1[0m
  [4;35;1mOrder Load (0.8ms)[0m   [0mSELECT * FROM "orders" LIMIT 1[0m
  [4;36;1mOrder Load (0.7ms)[0m   [0;1mSELECT * FROM "orders" LIMIT 1[0m
  [4;35;1mOrder Load (0.8ms)[0m   [0mSELECT * FROM "orders" LIMIT 1[0m
  [4;36;1mOrder Load (1.0ms)[0m   [0;1mSELECT * FROM "orders" LIMIT 1[0m
  [4;35;1mOrder Load (0.6ms)[0m   [0mSELECT * FROM "orders" LIMIT 1[0m
  [4;36;1mOrder Load (0.8ms)[0m   [0;1mSELECT * FROM "orders" LIMIT 1[0m
  [4;35;1mOrder Load (0.7ms)[0m   [0mSELECT * FROM "orders" LIMIT 1[0m
  [4;36;1mProduct Load (0.8ms)[0m   [0;1mSELECT "products".* FROM "products" INNER JOIN "order_products" ON "products".id = "order_products".product_id WHERE (("order_products".order_id = 1)) [0m


Processing OrdersController#edit (for 127.0.0.1 at 2009-12-17 23:56:19) [GET]
  Parameters: {"id"=>"1"}
  [4;36;1mOrder Load (0.6ms)[0m   [0;1mSELECT * FROM "orders" WHERE ("orders"."id" = 1) [0m
Rendering orders/edit
Rendered orders/_form (42.4ms)
Completed in 129ms (View: 114, DB: 1) | 200 OK [http://localhost/orders/1/edit]


Processing OrdersController#update (for 127.0.0.1 at 2009-12-17 23:56:21) [PUT]
  Parameters: {"commit"=>"Update", "authenticity_token"=>"gwx2rzllZtud58I9RAgOzOP3W0GeV98wczVrIIYZX8E=", "id"=>"1", "order"=>{"state"=>"draft"}}
  [4;35;1mOrder Load (0.5ms)[0m   [0mSELECT * FROM "orders" WHERE ("orders"."id" = 1) [0m
  [4;36;1mProduct Load (0.8ms)[0m   [0;1mSELECT "products".* FROM "products" INNER JOIN "order_products" ON "products".id = "order_products".product_id WHERE (("order_products".order_id = 1)) [0m
Redirected to http://localhost:3000/orders/1
Completed in 297ms (DB: 0) | 302 Found [http://localhost/orders/1]


Processing OrdersController#show (for 127.0.0.1 at 2009-12-17 23:56:21) [GET]
  Parameters: {"id"=>"1"}
  [4;35;1mOrder Load (0.6ms)[0m   [0mSELECT * FROM "orders" WHERE ("orders"."id" = 1) [0m
Rendering orders/show
  [4;36;1mProduct Load (0.8ms)[0m   [0;1mSELECT "products".* FROM "products" INNER JOIN "order_products" ON "products".id = "order_products".product_id WHERE (("order_products".order_id = 1)) [0m
Completed in 412ms (View: 397, DB: 1) | 200 OK [http://localhost/orders/1]


Processing OrdersController#edit (for 127.0.0.1 at 2009-12-17 23:57:42) [GET]
  Parameters: {"id"=>"1"}
  [4;35;1mOrder Load (0.6ms)[0m   [0mSELECT * FROM "orders" WHERE ("orders"."id" = 1) [0m
Rendering orders/edit
Rendered orders/_form (9.6ms)
Completed in 31ms (View: 17, DB: 1) | 200 OK [http://localhost/orders/1/edit]


Processing OrdersController#update (for 127.0.0.1 at 2009-12-17 23:57:43) [PUT]
  Parameters: {"commit"=>"Update", "authenticity_token"=>"gwx2rzllZtud58I9RAgOzOP3W0GeV98wczVrIIYZX8E=", "id"=>"1", "order"=>{"state"=>"draft"}}
  [4;36;1mOrder Load (0.6ms)[0m   [0;1mSELECT * FROM "orders" WHERE ("orders"."id" = 1) [0m
  [4;35;1mProduct Load (1.0ms)[0m   [0mSELECT "products".* FROM "products" INNER JOIN "order_products" ON "products".id = "order_products".product_id WHERE (("order_products".order_id = 1)) [0m
Redirected to http://localhost:3000/orders/1
Completed in 207ms (DB: 0) | 302 Found [http://localhost/orders/1]


Processing OrdersController#show (for 127.0.0.1 at 2009-12-17 23:57:43) [GET]
  Parameters: {"id"=>"1"}
  [4;36;1mOrder Load (0.6ms)[0m   [0;1mSELECT * FROM "orders" WHERE ("orders"."id" = 1) [0m
Rendering orders/show
  [4;35;1mProduct Load (0.8ms)[0m   [0mSELECT "products".* FROM "products" INNER JOIN "order_products" ON "products".id = "order_products".product_id WHERE (("order_products".order_id = 1)) [0m
Completed in 60ms (View: 43, DB: 1) | 200 OK [http://localhost/orders/1]


Processing OrdersController#edit (for 127.0.0.1 at 2009-12-17 23:58:15) [GET]
  Parameters: {"id"=>"1"}
  [4;36;1mOrder Load (0.6ms)[0m   [0;1mSELECT * FROM "orders" WHERE ("orders"."id" = 1) [0m
Rendering orders/edit
Rendered orders/_form (9.4ms)
Completed in 31ms (View: 17, DB: 1) | 200 OK [http://localhost/orders/1/edit]


Processing OrdersController#update (for 127.0.0.1 at 2009-12-17 23:58:17) [PUT]
  Parameters: {"commit"=>"Update", "authenticity_token"=>"gwx2rzllZtud58I9RAgOzOP3W0GeV98wczVrIIYZX8E=", "id"=>"1", "order"=>{"state"=>"draft"}}
  [4;35;1mOrder Load (0.6ms)[0m   [0mSELECT * FROM "orders" WHERE ("orders"."id" = 1) [0m
  [4;36;1mProduct Load (0.8ms)[0m   [0;1mSELECT "products".* FROM "products" INNER JOIN "order_products" ON "products".id = "order_products".product_id WHERE (("order_products".order_id = 1)) [0m
Redirected to http://localhost:3000/orders/1
Completed in 143ms (DB: 0) | 302 Found [http://localhost/orders/1]


Processing OrdersController#show (for 127.0.0.1 at 2009-12-17 23:58:17) [GET]
  Parameters: {"id"=>"1"}
  [4;35;1mOrder Load (0.7ms)[0m   [0mSELECT * FROM "orders" WHERE ("orders"."id" = 1) [0m
Rendering orders/show
  [4;36;1mProduct Load (0.8ms)[0m   [0;1mSELECT "products".* FROM "products" INNER JOIN "order_products" ON "products".id = "order_products".product_id WHERE (("order_products".order_id = 1)) [0m
Completed in 54ms (View: 39, DB: 1) | 200 OK [http://localhost/orders/1]


Processing OrdersController#edit (for 127.0.0.1 at 2009-12-17 23:58:45) [GET]
  Parameters: {"id"=>"1"}
  [4;35;1mOrder Load (0.5ms)[0m   [0mSELECT * FROM "orders" WHERE ("orders"."id" = 1) [0m
Rendering orders/edit
Rendered orders/_form (9.6ms)
Completed in 31ms (View: 17, DB: 1) | 200 OK [http://localhost/orders/1/edit]


Processing OrdersController#update (for 127.0.0.1 at 2009-12-17 23:58:46) [PUT]
  Parameters: {"commit"=>"Update", "authenticity_token"=>"gwx2rzllZtud58I9RAgOzOP3W0GeV98wczVrIIYZX8E=", "id"=>"1", "order"=>{"state"=>"draft"}}
  [4;36;1mOrder Load (0.6ms)[0m   [0;1mSELECT * FROM "orders" WHERE ("orders"."id" = 1) [0m
  [4;35;1mProduct Load (0.8ms)[0m   [0mSELECT "products".* FROM "products" INNER JOIN "order_products" ON "products".id = "order_products".product_id WHERE (("order_products".order_id = 1)) [0m
Redirected to http://localhost:3000/orders/1
Completed in 124ms (DB: 0) | 302 Found [http://localhost/orders/1]


Processing OrdersController#show (for 127.0.0.1 at 2009-12-17 23:58:46) [GET]
  Parameters: {"id"=>"1"}
  [4;36;1mOrder Load (0.6ms)[0m   [0;1mSELECT * FROM "orders" WHERE ("orders"."id" = 1) [0m
Rendering orders/show
  [4;35;1mProduct Load (0.8ms)[0m   [0mSELECT "products".* FROM "products" INNER JOIN "order_products" ON "products".id = "order_products".product_id WHERE (("order_products".order_id = 1)) [0m
Completed in 52ms (View: 37, DB: 1) | 200 OK [http://localhost/orders/1]


Processing OrdersController#edit (for 127.0.0.1 at 2009-12-18 11:34:23) [GET]
  Parameters: {"id"=>"1"}
  [4;36;1mOrder Load (1.1ms)[0m   [0;1mSELECT * FROM "orders" WHERE ("orders"."id" = 1) [0m
Rendering orders/edit
Rendered orders/_form (50.9ms)
Completed in 142ms (View: 121, DB: 1) | 200 OK [http://localhost/orders/1/edit]


Processing OrdersController#update (for 127.0.0.1 at 2009-12-18 11:34:25) [PUT]
  Parameters: {"commit"=>"Update", "authenticity_token"=>"gwx2rzllZtud58I9RAgOzOP3W0GeV98wczVrIIYZX8E=", "id"=>"1", "order"=>{"state"=>"draft"}}
  [4;35;1mOrder Load (0.5ms)[0m   [0mSELECT * FROM "orders" WHERE ("orders"."id" = 1) [0m
  [4;36;1mProduct Load (0.8ms)[0m   [0;1mSELECT "products".* FROM "products" INNER JOIN "order_products" ON "products".id = "order_products".product_id WHERE (("order_products".order_id = 1)) [0m
Redirected to http://localhost:3000/orders/1
Completed in 287ms (DB: 0) | 302 Found [http://localhost/orders/1]


Processing OrdersController#show (for 127.0.0.1 at 2009-12-18 11:34:25) [GET]
  Parameters: {"id"=>"1"}
  [4;35;1mOrder Load (0.6ms)[0m   [0mSELECT * FROM "orders" WHERE ("orders"."id" = 1) [0m
Rendering orders/show
  [4;36;1mProduct Load (0.8ms)[0m   [0;1mSELECT "products".* FROM "products" INNER JOIN "order_products" ON "products".id = "order_products".product_id WHERE (("order_products".order_id = 1)) [0m
Completed in 346ms (View: 329, DB: 1) | 200 OK [http://localhost/orders/1]


Processing OrdersController#edit (for 127.0.0.1 at 2009-12-18 11:35:21) [GET]
  Parameters: {"id"=>"1"}
  [4;35;1mOrder Load (0.5ms)[0m   [0mSELECT * FROM "orders" WHERE ("orders"."id" = 1) [0m
Rendering orders/edit
Rendered orders/_form (9.4ms)
Completed in 31ms (View: 16, DB: 1) | 200 OK [http://localhost/orders/1/edit]


Processing OrdersController#update (for 127.0.0.1 at 2009-12-18 11:35:22) [PUT]
  Parameters: {"commit"=>"Update", "authenticity_token"=>"gwx2rzllZtud58I9RAgOzOP3W0GeV98wczVrIIYZX8E=", "id"=>"1", "order"=>{"state"=>"draft"}}
  [4;36;1mOrder Load (0.6ms)[0m   [0;1mSELECT * FROM "orders" WHERE ("orders"."id" = 1) [0m
  [4;35;1mProduct Load (0.9ms)[0m   [0mSELECT "products".* FROM "products" INNER JOIN "order_products" ON "products".id = "order_products".product_id WHERE (("order_products".order_id = 1)) [0m
Redirected to http://localhost:3000/orders/1
Completed in 200ms (DB: 0) | 302 Found [http://localhost/orders/1]


Processing OrdersController#show (for 127.0.0.1 at 2009-12-18 11:35:22) [GET]
  Parameters: {"id"=>"1"}
  [4;36;1mOrder Load (0.5ms)[0m   [0;1mSELECT * FROM "orders" WHERE ("orders"."id" = 1) [0m
Rendering orders/show
  [4;35;1mProduct Load (1.0ms)[0m   [0mSELECT "products".* FROM "products" INNER JOIN "order_products" ON "products".id = "order_products".product_id WHERE (("order_products".order_id = 1)) [0m
Completed in 58ms (View: 43, DB: 1) | 200 OK [http://localhost/orders/1]
